<?xml version="1.0" encoding="UTF-8"?>
<!-- Generated by org.testng.reporters.JUnitReportReporter -->
<testsuite skipped="3" hostname="SVINDK00026" name="bdd_project.runner" tests="3" failures="0" timestamp="27 Jan 2020 06:31:02 GMT" time="0.141" errors="0">
  <testcase name="runScenario" time="0.125" classname="bdd_project.runner">
    <skipped/>
  </testcase> <!-- runScenario -->
  <testcase name="runScenario" time="0.000" classname="bdd_project.runner">
    <skipped/>
  </testcase> <!-- runScenario -->
  <testcase name="runScenario" time="0.016" classname="bdd_project.runner">
    <skipped/>
  </testcase> <!-- runScenario -->
</testsuite> <!-- bdd_project.runner -->
